Removed Pin From Net: NetName=RXF Pin=DD?-88
Removed Pin From Net: NetName=TXE Pin=DD?-89
Removed Pin From Net: NetName=RD Pin=DD?-90
Removed Pin From Net: NetName=WR Pin=DD?-91
Removed Pin From Net: NetName=NetD1_1 Pin=DD?-97
Removed Pin From Net: NetName=NetD1_3 Pin=DD?-98
Removed Pin From Net: NetName=NetD1_5 Pin=DD?-99
Removed Pin From Net: NetName=NetD1_11 Pin=DD?-100
Removed Pin From Net: NetName=NetD1_2 Pin=DD?-101
Removed Pin From Net: NetName=NetD1_9 Pin=DD?-103
Removed Pin From Net: NetName=NetD1_10 Pin=DD?-105
Removed Pin From Net: NetName=NetD1_6 Pin=DD?-106
Removed Member From Class: ClassName=Page1 Member=DD?
Added Pin To Net: NetName=RXF Pin=DD2-88
Added Pin To Net: NetName=TXE Pin=DD2-89
Added Pin To Net: NetName=RD Pin=DD2-90
Added Pin To Net: NetName=WR Pin=DD2-91
Added Pin To Net: NetName=NetD1_1 Pin=DD2-97
Added Pin To Net: NetName=NetD1_3 Pin=DD2-98
Added Pin To Net: NetName=NetD1_5 Pin=DD2-99
Added Pin To Net: NetName=NetD1_11 Pin=DD2-100
Added Pin To Net: NetName=NetD1_2 Pin=DD2-101
Added Pin To Net: NetName=NetD1_9 Pin=DD2-103
Added Pin To Net: NetName=NetD1_10 Pin=DD2-105
Added Pin To Net: NetName=NetD1_6 Pin=DD2-106
