Removed Pin From Net: NetName=GND Pin=C1-2
Removed Pin From Net: NetName=GND Pin=C2-1
Removed Pin From Net: NetName=GND Pin=C3-2
Removed Member From Class: ClassName=LED_SEMISEGMENT Member=C1
Removed Member From Class: ClassName=LED_SEMISEGMENT Member=C2
Removed Member From Class: ClassName=LED_SEMISEGMENT Member=C3
Change Component Comment : Designator=R2 Old Comment=, 33K, , 0805, ,  New Comment=, 10K, , 0805, , 
Change component parameters: Designator = "R2"; Footprint = "RES: 0805"; UniqueID = "\MGVOIETN"
Change component parameters. Clean all parameters for all variants
Change component parameters (AddParameter): Name = "HelpURL"; Value = ""; VariantName = "[No Variations]"
Change component parameters (AddParameter): Name = "Manufacturer"; Value = ""; VariantName = "[No Variations]"
Change component parameters (AddParameter): Name = "Package"; Value = "0805"; VariantName = "[No Variations]"
Change component parameters (AddParameter): Name = "PartNumber"; Value = ""; VariantName = "[No Variations]"
Change component parameters (AddParameter): Name = "Power"; Value = ""; VariantName = "[No Variations]"
Change component parameters (AddParameter): Name = "Temperature"; Value = ""; VariantName = "[No Variations]"
Change component parameters (AddParameter): Name = "Tolerance"; Value = ""; VariantName = "[No Variations]"
Change component parameters (AddParameter): Name = "TypeResistor"; Value = ""; VariantName = "[No Variations]"
Change component parameters (AddParameter): Name = "Value"; Value = "10K"; VariantName = "[No Variations]"
Change component parameters (AddParameter): Name = "ValueManufacturerPartNumber"; Value = ", 10K, , 0805, , "; VariantName = "[No Variations]"
Added Pin To Net: NetName=NetD2_1 Pin=D2-1
Added Pin To Net: NetName=NetD2_1 Pin=R1-2
Added Net: Name=NetD2_1
Added Pin To Net: NetName=NetD2_12 Pin=D2-12
Added Pin To Net: NetName=NetD2_12 Pin=R3-2
Added Net: Name=NetD2_12
Added Pin To Net: NetName=NetD2_13 Pin=D2-13
Added Pin To Net: NetName=NetD2_13 Pin=R4-1
Added Net: Name=NetD2_13
Added Room: Name=LED_SEMISEGMENT
